<?xml version="1.0" encoding="UTF-8"?>
<testng-results ignored="0" total="1" passed="1" failed="0" skipped="0">
  <reporter-output>
  </reporter-output>
  <suite started-at="2020-04-15T17:16:44Z" name="InetBanking" finished-at="2020-04-15T17:16:57Z" duration-ms="12805">
    <groups>
    </groups>
    <test started-at="2020-04-15T17:16:44Z" name="BankingappTest" finished-at="2020-04-15T17:16:57Z" duration-ms="12805">
      <class name="com.inetbanking.testCases.TC_LoginTest_001">
        <test-method is-config="true" signature="setup(java.lang.String)[pri:0, instance:com.inetbanking.testCases.TC_LoginTest_001@543e710e]" started-at="2020-04-15T17:16:44Z" name="setup" finished-at="2020-04-15T17:16:53Z" duration-ms="8881" status="PASS">
          <params>
            <param index="0">
              <value>
                <![CDATA[chrome]]>
              </value>
            </param>
          </params>
          <reporter-output>
          </reporter-output>
        </test-method> <!-- setup -->
        <test-method signature="loginTest()[pri:0, instance:com.inetbanking.testCases.TC_LoginTest_001@543e710e]" started-at="2020-04-15T17:16:53Z" name="loginTest" finished-at="2020-04-15T17:16:56Z" duration-ms="2692" status="PASS">
          <reporter-output>
          </reporter-output>
        </test-method> <!-- loginTest -->
        <test-method is-config="true" signature="teardown()[pri:0, instance:com.inetbanking.testCases.TC_LoginTest_001@543e710e]" started-at="2020-04-15T17:16:56Z" name="teardown" finished-at="2020-04-15T17:16:57Z" duration-ms="876" status="PASS">
          <reporter-output>
          </reporter-output>
        </test-method> <!-- teardown -->
      </class> <!-- com.inetbanking.testCases.TC_LoginTest_001 -->
    </test> <!-- BankingappTest -->
  </suite> <!-- InetBanking -->
</testng-results>
